{
  "RSpec": {
    "coverage": {
      "/home/aniket/workspace/railsTest/rLogin/app/models/user.rb": [
        1,
        1,
        null,
        null,
        1,
        null,
        null
      ],
      "/home/aniket/workspace/railsTest/rLogin/app/helpers/application_helper.rb": [
        1,
        null
      ],
      "/home/aniket/workspace/railsTest/rLogin/app/helpers/blogs_helper.rb": [
        1,
        null
      ],
      "/home/aniket/workspace/railsTest/rLogin/app/models/blog.rb": [
        1,
        1,
        null,
        1,
        1,
        1,
        1,
        1,
        null,
        null
      ],
      "/home/aniket/workspace/railsTest/rLogin/app/controllers/application_controller.rb": [
        1,
        null,
        null,
        1,
        null
      ]
    },
    "timestamp": 1404990220
  },
  "Cucumber Features": {
    "coverage": {
      "/home/aniket/workspace/railsTest/rLogin/app/models/user.rb": [
        1,
        1,
        null,
        null,
        1,
        null,
        null
      ],
      "/home/aniket/workspace/railsTest/rLogin/app/helpers/application_helper.rb": [
        1,
        null
      ],
      "/home/aniket/workspace/railsTest/rLogin/app/helpers/blogs_helper.rb": [
        1,
        null
      ],
      "/home/aniket/workspace/railsTest/rLogin/app/models/blog.rb": [
        1,
        1,
        null,
        1,
        1,
        1,
        1,
        1,
        null,
        null
      ],
      "/home/aniket/workspace/railsTest/rLogin/app/controllers/application_controller.rb": [
        1,
        null,
        null,
        1,
        null
      ]
    },
    "timestamp": 1404985224
  }
}
