{
  "RSpec": {
    "coverage": {
      "/home/aniket/workspace/railsTest/rLogin/app/models/user.rb": [
        1,
        1,
        1,
        null,
        null,
        1,
        null,
        null
      ],
      "/home/aniket/workspace/railsTest/rLogin/app/helpers/api/v1/sessions_helper.rb": [
        1,
        null
      ],
      "/home/aniket/workspace/railsTest/rLogin/app/helpers/application_helper.rb": [
        1,
        null
      ],
      "/home/aniket/workspace/railsTest/rLogin/app/helpers/blogs_helper.rb": [
        1,
        null
      ],
      "/home/aniket/workspace/railsTest/rLogin/app/helpers/comments_helper.rb": [
        1,
        null
      ],
      "/home/aniket/workspace/railsTest/rLogin/app/controllers/api/v1/api_controller.rb": [
        1,
        null,
        null,
        null,
        null,
        null,
        1,
        0,
        0,
        null,
        null,
        null,
        null,
        1,
        0,
        0,
        null,
        null,
        null,
        1,
        0,
        null,
        null,
        null,
        1,
        0,
        0,
        null,
        null,
        null,
        null,
        1,
        null,
        0,
        0,
        0,
        0,
        null,
        0,
        null,
        null,
        0,
        null,
        null,
        null,
        0,
        0,
        null,
        null,
        null,
        null,
        null,
        null,
        1,
        null,
        0,
        0,
        0,
        0,
        null,
        0,
        null,
        null,
        0,
        null,
        null,
        null,
        0,
        0,
        null,
        null,
        null,
        null,
        null,
        null,
        1,
        0,
        0,
        0,
        0,
        0,
        null,
        null,
        0,
        0,
        null,
        null,
        null,
        null,
        1,
        null,
        1,
        0,
        null,
        null,
        null,
        1,
        0,
        null,
        null
      ],
      "/home/aniket/workspace/railsTest/rLogin/app/controllers/application_controller.rb": [
        1,
        1,
        null,
        null,
        null,
        40,
        null
      ],
      "/home/aniket/workspace/railsTest/rLogin/app/controllers/api/v1/sessions_controller.rb": [
        1,
        1,
        null,
        null,
        1,
        null,
        1,
        null,
        null,
        null,
        null,
        null,
        1,
        0,
        0,
        0,
        null,
        0,
        0,
        0,
        0,
        null,
        0,
        null,
        null,
        null,
        null,
        null,
        null,
        null,
        null,
        null,
        null,
        null,
        null,
        null,
        null,
        1,
        0,
        0,
        0,
        0,
        0,
        0,
        null,
        0,
        null,
        null,
        null,
        null,
        null,
        null,
        null,
        1,
        1,
        0,
        0,
        null,
        null,
        1,
        0,
        0,
        null,
        null,
        null,
        null,
        null,
        null,
        null,
        null,
        null,
        null,
        null,
        null,
        null,
        null,
        null,
        null,
        null,
        null,
        null,
        null,
        null,
        null,
        null,
        null,
        null,
        null,
        null,
        null,
        null,
        null,
        null,
        null,
        null,
        null,
        null,
        null,
        null,
        null,
        null,
        null,
        null,
        null,
        null,
        null,
        null,
        null,
        null,
        null,
        null,
        null,
        null,
        null,
        null,
        null,
        null,
        null,
        null,
        null,
        null,
        null,
        null,
        null,
        null,
        null,
        null,
        null,
        null,
        null,
        null,
        null,
        null,
        null,
        null,
        null,
        null,
        null,
        null,
        null,
        null,
        null,
        null,
        null,
        null,
        null,
        null,
        null,
        null,
        null,
        null
      ],
      "/home/aniket/workspace/railsTest/rLogin/app/controllers/blogs_controller.rb": [
        1,
        null,
        null,
        null,
        null,
        1,
        1,
        null,
        null,
        null,
        null,
        1,
        1,
        1,
        1,
        1,
        null,
        null,
        null,
        1,
        1,
        null,
        null,
        null,
        1,
        1,
        null,
        null,
        null,
        null,
        1,
        5,
        5,
        5,
        5,
        8,
        4,
        null,
        2,
        1,
        null,
        null,
        null,
        null,
        null,
        null,
        1,
        6,
        6,
        6,
        6,
        8,
        4,
        null,
        4,
        2,
        null,
        null,
        null,
        null,
        null,
        null,
        1,
        2,
        2,
        2,
        4,
        2,
        null,
        null,
        null,
        1,
        null,
        1,
        0,
        null,
        null,
        null,
        1,
        11,
        null,
        null
      ],
      "/home/aniket/workspace/railsTest/rLogin/app/controllers/comments_controller.rb": [
        1,
        1,
        1,
        null,
        null,
        null,
        1,
        1,
        null,
        null,
        null,
        null,
        1,
        1,
        null,
        null,
        null,
        null,
        1,
        1,
        null,
        null,
        null,
        1,
        1,
        null,
        null,
        null,
        null,
        null,
        1,
        4,
        null,
        4,
        4,
        6,
        3,
        null,
        2,
        1,
        null,
        null,
        null,
        null,
        null,
        null,
        1,
        5,
        5,
        6,
        3,
        null,
        4,
        2,
        null,
        null,
        null,
        null,
        null,
        null,
        1,
        2,
        2,
        4,
        2,
        null,
        null,
        null,
        1,
        null,
        1,
        9,
        null,
        null,
        null,
        1,
        9,
        null,
        null
      ],
      "/home/aniket/workspace/railsTest/rLogin/app/models/blog.rb": [
        1,
        1,
        1,
        1,
        null,
        null,
        1,
        1,
        1,
        1,
        null,
        null,
        1,
        null,
        1,
        1,
        23,
        null,
        null
      ],
      "/home/aniket/workspace/railsTest/rLogin/app/models/comment.rb": [
        1,
        1,
        1,
        null
      ]
    },
    "timestamp": 1405688629
  },
  "Cucumber Features": {
    "coverage": {
      "/home/aniket/workspace/railsTest/rLogin/app/models/user.rb": [
        1,
        1,
        1,
        null,
        null,
        1,
        null,
        null
      ],
      "/home/aniket/workspace/railsTest/rLogin/app/helpers/api/v1/sessions_helper.rb": [
        1,
        null
      ],
      "/home/aniket/workspace/railsTest/rLogin/app/helpers/application_helper.rb": [
        1,
        null
      ],
      "/home/aniket/workspace/railsTest/rLogin/app/helpers/blogs_helper.rb": [
        1,
        null
      ],
      "/home/aniket/workspace/railsTest/rLogin/app/helpers/comments_helper.rb": [
        1,
        null
      ],
      "/home/aniket/workspace/railsTest/rLogin/app/models/blog.rb": [
        1,
        1,
        1,
        1,
        null,
        null,
        1,
        1,
        1,
        1,
        null,
        null,
        1,
        null,
        1,
        1,
        4,
        null,
        null
      ],
      "/home/aniket/workspace/railsTest/rLogin/app/controllers/blogs_controller.rb": [
        1,
        null,
        null,
        null,
        null,
        1,
        1,
        null,
        null,
        null,
        null,
        1,
        2,
        2,
        2,
        2,
        null,
        null,
        null,
        1,
        1,
        null,
        null,
        null,
        1,
        1,
        null,
        null,
        null,
        null,
        1,
        1,
        1,
        1,
        1,
        2,
        1,
        null,
        0,
        0,
        null,
        null,
        null,
        null,
        null,
        null,
        1,
        1,
        1,
        1,
        1,
        2,
        1,
        null,
        0,
        0,
        null,
        null,
        null,
        null,
        null,
        null,
        1,
        0,
        0,
        0,
        0,
        0,
        null,
        null,
        null,
        1,
        null,
        1,
        0,
        null,
        null,
        null,
        1,
        2,
        null,
        null
      ],
      "/home/aniket/workspace/railsTest/rLogin/app/controllers/application_controller.rb": [
        1,
        1,
        null,
        null,
        null,
        8,
        null
      ],
      "/home/aniket/workspace/railsTest/rLogin/app/models/comment.rb": [
        1,
        1,
        1,
        null
      ],
      "/home/aniket/workspace/railsTest/rLogin/app/models/ability.rb": [
        1,
        1,
        null,
        1,
        null,
        1,
        0,
        null,
        1,
        1,
        null,
        null,
        null,
        null,
        null,
        null,
        null,
        null,
        null,
        null,
        null,
        null,
        null,
        null,
        null,
        null,
        null,
        null,
        null,
        null,
        null,
        null,
        null,
        null,
        null,
        null,
        null,
        null,
        null
      ]
    },
    "timestamp": 1405683726
  },
  "Unit Tests": {
    "coverage": {
      "/home/aniket/workspace/railsTest/rLogin/app/models/user.rb": [
        1,
        1,
        null,
        null,
        1,
        null,
        null
      ],
      "/home/aniket/workspace/railsTest/rLogin/app/helpers/api/v1/sessions_helper.rb": [
        1,
        null
      ],
      "/home/aniket/workspace/railsTest/rLogin/app/helpers/application_helper.rb": [
        1,
        null
      ],
      "/home/aniket/workspace/railsTest/rLogin/app/helpers/blogs_helper.rb": [
        1,
        null
      ],
      "/home/aniket/workspace/railsTest/rLogin/app/helpers/comments_helper.rb": [
        1,
        null
      ]
    },
    "timestamp": 1405501908
  }
}
